
		XSPEC version: 12.15.1
	Build Date/Time: Sun Oct 12 16:45:57 2025


Executing script file "example1-data.xcm" ...


!XSPEC12>model none

!XSPEC12>data none

!XSPEC12>setplot del all

!XSPEC12>query yes

!XSPEC12>data 1  ixpe01250401_det1_evt2_v03_I-11bins.pha
Warning: RMF or ARF STOKESWT keyword (ALPHA075SIMPLE) is not consistent with that in spectrum (SIMPLE)

1 spectrum  in use
 
Spectral Data File: ixpe01250401_det1_evt2_v03_I-11bins.pha  Spectrum 1
Net count rate (cts/s) for Spectrum:1  2.599e+00 +/- 1.629e-03
 Assigned to Data Group 1 and Plot Group 1
  Noticed Channels:  1-165
  Telescope: IXPE Instrument: GPD  Channel Type: PI
  Exposure Time: 4.585e+05 sec
  Filtering Keys: 
    Stokes: 0
 Using fit statistic: chi
 Using Response (RMF) File            ixpe_d1_20170101_alpha075_02.rmf for Source 1
 Using Auxiliary Response (ARF) File  ixpe01250401_det1_evt2_v03.arf


!XSPEC12>data 2  ixpe01250401_det2_evt2_v03_I-11bins.pha
Warning: RMF or ARF STOKESWT keyword (ALPHA075SIMPLE) is not consistent with that in spectrum (SIMPLE)

2 spectra  in use
 
Spectral Data File: ixpe01250401_det2_evt2_v03_I-11bins.pha  Spectrum 2
Net count rate (cts/s) for Spectrum:2  2.458e+00 +/- 1.596e-03
 Assigned to Data Group 1 and Plot Group 2
  Noticed Channels:  1-165
  Telescope: IXPE Instrument: GPD  Channel Type: PI
  Exposure Time: 4.581e+05 sec
  Filtering Keys: 
    Stokes: 0
 Using fit statistic: chi
 Using Response (RMF) File            ixpe_d2_20170101_alpha075_02.rmf for Source 1
 Using Auxiliary Response (ARF) File  ixpe01250401_det2_evt2_v03.arf


!XSPEC12>data 3  ixpe01250401_det3_evt2_v03_I-11bins.pha
Warning: RMF or ARF STOKESWT keyword (ALPHA075SIMPLE) is not consistent with that in spectrum (SIMPLE)

3 spectra  in use
 
Spectral Data File: ixpe01250401_det3_evt2_v03_I-11bins.pha  Spectrum 3
Net count rate (cts/s) for Spectrum:3  2.458e+00 +/- 1.602e-03
 Assigned to Data Group 1 and Plot Group 3
  Noticed Channels:  1-165
  Telescope: IXPE Instrument: GPD  Channel Type: PI
  Exposure Time: 4.578e+05 sec
  Filtering Keys: 
    Stokes: 0
 Using fit statistic: chi
 Using Response (RMF) File            ixpe_d3_20170101_alpha075_02.rmf for Source 1
 Using Auxiliary Response (ARF) File  ixpe01250401_det3_evt2_v03.arf


!XSPEC12>data 4  ixpe01250401_det1_evt2_v03_Q-11bins.pha
Warning: RMF or ARF STOKESWT keyword (ALPHA075SIMPLE) is not consistent with that in spectrum (SIMPLE)

4 spectra  in use
 
Spectral Data File: ixpe01250401_det1_evt2_v03_Q-11bins.pha  Spectrum 4
Net count rate (cts/s) for Spectrum:4  6.706e-02 +/- 2.303e-03
 Assigned to Data Group 1 and Plot Group 4
  Noticed Channels:  1-165
  Telescope: IXPE Instrument: GPD  Channel Type: PI
  Exposure Time: 4.585e+05 sec
  Filtering Keys: 
    Stokes: 1
 Using fit statistic: chi
 Using Response (RMF) File            ixpe_d1_20170101_alpha075_02.rmf for Source 1
 Using Auxiliary Response (ARF) File  ixpe01250401_det1_evt2_v03.mrf


!XSPEC12>data 5  ixpe01250401_det2_evt2_v03_Q-11bins.pha
Warning: RMF or ARF STOKESWT keyword (ALPHA075SIMPLE) is not consistent with that in spectrum (SIMPLE)

5 spectra  in use
 
Spectral Data File: ixpe01250401_det2_evt2_v03_Q-11bins.pha  Spectrum 5
Net count rate (cts/s) for Spectrum:5  6.033e-02 +/- 2.256e-03
 Assigned to Data Group 1 and Plot Group 5
  Noticed Channels:  1-165
  Telescope: IXPE Instrument: GPD  Channel Type: PI
  Exposure Time: 4.581e+05 sec
  Filtering Keys: 
    Stokes: 1
 Using fit statistic: chi
 Using Response (RMF) File            ixpe_d2_20170101_alpha075_02.rmf for Source 1
 Using Auxiliary Response (ARF) File  ixpe01250401_det2_evt2_v03.mrf


!XSPEC12>data 6  ixpe01250401_det3_evt2_v03_Q-11bins.pha
Warning: RMF or ARF STOKESWT keyword (ALPHA075SIMPLE) is not consistent with that in spectrum (SIMPLE)

6 spectra  in use
 
Spectral Data File: ixpe01250401_det3_evt2_v03_Q-11bins.pha  Spectrum 6
Net count rate (cts/s) for Spectrum:6  6.535e-02 +/- 2.265e-03
 Assigned to Data Group 1 and Plot Group 6
  Noticed Channels:  1-165
  Telescope: IXPE Instrument: GPD  Channel Type: PI
  Exposure Time: 4.578e+05 sec
  Filtering Keys: 
    Stokes: 1
 Using fit statistic: chi
 Using Response (RMF) File            ixpe_d3_20170101_alpha075_02.rmf for Source 1
 Using Auxiliary Response (ARF) File  ixpe01250401_det3_evt2_v03.mrf


!XSPEC12>data 7  ixpe01250401_det1_evt2_v03_U-11bins.pha
Warning: RMF or ARF STOKESWT keyword (ALPHA075SIMPLE) is not consistent with that in spectrum (SIMPLE)

7 spectra  in use
 
Spectral Data File: ixpe01250401_det1_evt2_v03_U-11bins.pha  Spectrum 7
Net count rate (cts/s) for Spectrum:7  4.233e-02 +/- 2.303e-03
 Assigned to Data Group 1 and Plot Group 7
  Noticed Channels:  1-165
  Telescope: IXPE Instrument: GPD  Channel Type: PI
  Exposure Time: 4.585e+05 sec
  Filtering Keys: 
    Stokes: 2
 Using fit statistic: chi
 Using Response (RMF) File            ixpe_d1_20170101_alpha075_02.rmf for Source 1
 Using Auxiliary Response (ARF) File  ixpe01250401_det1_evt2_v03.mrf


!XSPEC12>data 8  ixpe01250401_det2_evt2_v03_U-11bins.pha
Warning: RMF or ARF STOKESWT keyword (ALPHA075SIMPLE) is not consistent with that in spectrum (SIMPLE)

8 spectra  in use
 
Spectral Data File: ixpe01250401_det2_evt2_v03_U-11bins.pha  Spectrum 8
Net count rate (cts/s) for Spectrum:8  4.575e-02 +/- 2.256e-03
 Assigned to Data Group 1 and Plot Group 8
  Noticed Channels:  1-165
  Telescope: IXPE Instrument: GPD  Channel Type: PI
  Exposure Time: 4.581e+05 sec
  Filtering Keys: 
    Stokes: 2
 Using fit statistic: chi
 Using Response (RMF) File            ixpe_d2_20170101_alpha075_02.rmf for Source 1
 Using Auxiliary Response (ARF) File  ixpe01250401_det2_evt2_v03.mrf


!XSPEC12>data 9  ixpe01250401_det3_evt2_v03_U-11bins.pha
Warning: RMF or ARF STOKESWT keyword (ALPHA075SIMPLE) is not consistent with that in spectrum (SIMPLE)

9 spectra  in use
 
Spectral Data File: ixpe01250401_det3_evt2_v03_U-11bins.pha  Spectrum 9
Net count rate (cts/s) for Spectrum:9  5.067e-02 +/- 2.265e-03
 Assigned to Data Group 1 and Plot Group 9
  Noticed Channels:  1-165
  Telescope: IXPE Instrument: GPD  Channel Type: PI
  Exposure Time: 4.578e+05 sec
  Filtering Keys: 
    Stokes: 2
 Using fit statistic: chi
 Using Response (RMF) File            ixpe_d3_20170101_alpha075_02.rmf for Source 1
 Using Auxiliary Response (ARF) File  ixpe01250401_det3_evt2_v03.mrf


!XSPEC12>setplot energy

!XSPEC12>ignore *:**-2.,8.01-**
    27 channels (1-27) ignored in spectrum #     1
    27 channels (1-27) ignored in spectrum #     2
    27 channels (1-27) ignored in spectrum #     3
    27 channels (1-27) ignored in spectrum #     4
    27 channels (1-27) ignored in spectrum #     5
    27 channels (1-27) ignored in spectrum #     6
    27 channels (1-27) ignored in spectrum #     7
    27 channels (1-27) ignored in spectrum #     8
    27 channels (1-27) ignored in spectrum #     9
   127 channels (39-165) ignored in spectrum #     1
   127 channels (39-165) ignored in spectrum #     2
   127 channels (39-165) ignored in spectrum #     3
   127 channels (39-165) ignored in spectrum #     4
   127 channels (39-165) ignored in spectrum #     5
   127 channels (39-165) ignored in spectrum #     6
   127 channels (39-165) ignored in spectrum #     7
   127 channels (39-165) ignored in spectrum #     8
   127 channels (39-165) ignored in spectrum #     9


!XSPEC12>setplot group 1-3

!XSPEC12>setplot group 4-6

!XSPEC12>setplot group 7-9

!XSPEC12>setplot co time off

!XSPEC12>setplot command csize 2

!XSPEC12>setplot command lw 5

!XSPEC12>setplot command lw 5 on 1..99

!XSPEC12>setplot co label top "plot ldata for I, Q, U"

!XSPEC12>setplot command r y 4e-4 4

!XSPEC12>cpd lda-iqu.eps/cps

!XSPEC12>pl lda

!XSPEC12>plot lda

!XSPEC12>cpd /null

!XSPEC12>setplot co label top "plot polfrac"

!XSPEC12>setplot command r y 0. 0.15

!XSPEC12>setplot command log off

!XSPEC12>cpd polfrac.eps/cps

!XSPEC12>pl polfrac

!XSPEC12>plot polfrac

!XSPEC12>cpd /null

!XSPEC12>setplot co label top "plot polangle"

!XSPEC12>setplot command r y 0. 30.

!XSPEC12>cpd polang.eps/cps

!XSPEC12>pl polangle

!XSPEC12>plot polangle

!XSPEC12>cpd /null

!XSPEC12>exit
 XSPEC: quit

!XSPEC12>tclexit
