
		XSPEC version: 12.15.1
	Build Date/Time: Sun Oct 12 16:45:57 2025


Executing script file "example2-data-model.xcm" ...


!XSPEC12>model none

!XSPEC12>data none

!XSPEC12>setplot del all

!XSPEC12>query yes

!XSPEC12>data 1:1 ixpe02001899_det1_evt2_v01_I-30bins.pha
Warning: RMF or ARF STOKESWT keyword (ALPHA075SIMPLE) is not consistent with that in spectrum (SIMPLE)

1 spectrum  in use
 
Spectral Data File: ixpe02001899_det1_evt2_v01_I-30bins.pha  Spectrum 1
Net count rate (cts/s) for Spectrum:1  8.112e-01 +/- 8.556e-04
 Assigned to Data Group 1 and Plot Group 1
  Noticed Channels:  1-195
  Telescope: IXPE Instrument: GPD  Channel Type: PI
  Exposure Time: 5.379e+05 sec
  Filtering Keys: 
    Stokes: 0
 Using fit statistic: chi
 Using Response (RMF) File            ixpe_d1_20170101_alpha075_02.rmf for Source 1
 Using Auxiliary Response (ARF) File  ixpe02001899_det1_evt2_v01.arf


!XSPEC12>data 1:2 ixpe02001899_det1_evt2_v01_Q-30bins.pha
Warning: RMF or ARF STOKESWT keyword (ALPHA075SIMPLE) is not consistent with that in spectrum (SIMPLE)

2 spectra  in use
 
Spectral Data File: ixpe02001899_det1_evt2_v01_Q-30bins.pha  Spectrum 2
Net count rate (cts/s) for Spectrum:2  -6.678e-02 +/- 1.207e-03
 Assigned to Data Group 1 and Plot Group 2
  Noticed Channels:  1-195
  Telescope: IXPE Instrument: GPD  Channel Type: PI
  Exposure Time: 5.379e+05 sec
  Filtering Keys: 
    Stokes: 1
 Using fit statistic: chi
 Using Response (RMF) File            ixpe_d1_20170101_alpha075_02.rmf for Source 1
 Using Auxiliary Response (ARF) File  ixpe02001899_det1_evt2_v01.mrf


!XSPEC12>data 1:3 ixpe02001899_det1_evt2_v01_U-30bins.pha
Warning: RMF or ARF STOKESWT keyword (ALPHA075SIMPLE) is not consistent with that in spectrum (SIMPLE)

3 spectra  in use
 
Spectral Data File: ixpe02001899_det1_evt2_v01_U-30bins.pha  Spectrum 3
Net count rate (cts/s) for Spectrum:3  -2.180e-03 +/- 1.210e-03
 Assigned to Data Group 1 and Plot Group 3
  Noticed Channels:  1-195
  Telescope: IXPE Instrument: GPD  Channel Type: PI
  Exposure Time: 5.379e+05 sec
  Filtering Keys: 
    Stokes: 2
 Using fit statistic: chi
 Using Response (RMF) File            ixpe_d1_20170101_alpha075_02.rmf for Source 1
 Using Auxiliary Response (ARF) File  ixpe02001899_det1_evt2_v01.mrf


!XSPEC12>data 2:4 ixpe02001899_det2_evt2_v01_I-30bins.pha
Warning: RMF or ARF STOKESWT keyword (ALPHA075SIMPLE) is not consistent with that in spectrum (SIMPLE)

4 spectra  in use
 
Spectral Data File: ixpe02001899_det2_evt2_v01_I-30bins.pha  Spectrum 4
Net count rate (cts/s) for Spectrum:4  7.668e-01 +/- 8.359e-04
 Assigned to Data Group 2 and Plot Group 4
  Noticed Channels:  1-195
  Telescope: IXPE Instrument: GPD  Channel Type: PI
  Exposure Time: 5.379e+05 sec
  Filtering Keys: 
    Stokes: 0
 Using fit statistic: chi
 Using Response (RMF) File            ixpe_d2_20170101_alpha075_02.rmf for Source 1
 Using Auxiliary Response (ARF) File  ixpe02001899_det2_evt2_v01.arf


!XSPEC12>data 2:5 ixpe02001899_det2_evt2_v01_Q-30bins.pha
Warning: RMF or ARF STOKESWT keyword (ALPHA075SIMPLE) is not consistent with that in spectrum (SIMPLE)

5 spectra  in use
 
Spectral Data File: ixpe02001899_det2_evt2_v01_Q-30bins.pha  Spectrum 5
Net count rate (cts/s) for Spectrum:5  -6.432e-02 +/- 1.179e-03
 Assigned to Data Group 2 and Plot Group 5
  Noticed Channels:  1-195
  Telescope: IXPE Instrument: GPD  Channel Type: PI
  Exposure Time: 5.379e+05 sec
  Filtering Keys: 
    Stokes: 1
 Using fit statistic: chi
 Using Response (RMF) File            ixpe_d2_20170101_alpha075_02.rmf for Source 1
 Using Auxiliary Response (ARF) File  ixpe02001899_det2_evt2_v01.mrf


!XSPEC12>data 2:6 ixpe02001899_det2_evt2_v01_U-30bins.pha
Warning: RMF or ARF STOKESWT keyword (ALPHA075SIMPLE) is not consistent with that in spectrum (SIMPLE)

6 spectra  in use
 
Spectral Data File: ixpe02001899_det2_evt2_v01_U-30bins.pha  Spectrum 6
Net count rate (cts/s) for Spectrum:6  -1.836e-04 +/- 1.182e-03
 Assigned to Data Group 2 and Plot Group 6
  Noticed Channels:  1-195
  Telescope: IXPE Instrument: GPD  Channel Type: PI
  Exposure Time: 5.379e+05 sec
  Filtering Keys: 
    Stokes: 2
 Using fit statistic: chi
 Using Response (RMF) File            ixpe_d2_20170101_alpha075_02.rmf for Source 1
 Using Auxiliary Response (ARF) File  ixpe02001899_det2_evt2_v01.mrf


!XSPEC12>data 3:7 ixpe02001899_det3_evt2_v01_I-30bins.pha
Warning: RMF or ARF STOKESWT keyword (ALPHA075SIMPLE) is not consistent with that in spectrum (SIMPLE)

7 spectra  in use
 
Spectral Data File: ixpe02001899_det3_evt2_v01_I-30bins.pha  Spectrum 7
Net count rate (cts/s) for Spectrum:7  7.670e-01 +/- 8.396e-04
 Assigned to Data Group 3 and Plot Group 7
  Noticed Channels:  1-195
  Telescope: IXPE Instrument: GPD  Channel Type: PI
  Exposure Time: 5.38e+05 sec
  Filtering Keys: 
    Stokes: 0
 Using fit statistic: chi
 Using Response (RMF) File            ixpe_d3_20170101_alpha075_02.rmf for Source 1
 Using Auxiliary Response (ARF) File  ixpe02001899_det3_evt2_v01.arf


!XSPEC12>data 3:8 ixpe02001899_det3_evt2_v01_Q-30bins.pha
Warning: RMF or ARF STOKESWT keyword (ALPHA075SIMPLE) is not consistent with that in spectrum (SIMPLE)

8 spectra  in use
 
Spectral Data File: ixpe02001899_det3_evt2_v01_Q-30bins.pha  Spectrum 8
Net count rate (cts/s) for Spectrum:8  -6.090e-02 +/- 1.184e-03
 Assigned to Data Group 3 and Plot Group 8
  Noticed Channels:  1-195
  Telescope: IXPE Instrument: GPD  Channel Type: PI
  Exposure Time: 5.38e+05 sec
  Filtering Keys: 
    Stokes: 1
 Using fit statistic: chi
 Using Response (RMF) File            ixpe_d3_20170101_alpha075_02.rmf for Source 1
 Using Auxiliary Response (ARF) File  ixpe02001899_det3_evt2_v01.mrf


!XSPEC12>data 3:9 ixpe02001899_det3_evt2_v01_U-30bins.pha
Warning: RMF or ARF STOKESWT keyword (ALPHA075SIMPLE) is not consistent with that in spectrum (SIMPLE)

9 spectra  in use
 
Spectral Data File: ixpe02001899_det3_evt2_v01_U-30bins.pha  Spectrum 9
Net count rate (cts/s) for Spectrum:9  2.262e-03 +/- 1.187e-03
 Assigned to Data Group 3 and Plot Group 9
  Noticed Channels:  1-195
  Telescope: IXPE Instrument: GPD  Channel Type: PI
  Exposure Time: 5.38e+05 sec
  Filtering Keys: 
    Stokes: 2
 Using fit statistic: chi
 Using Response (RMF) File            ixpe_d3_20170101_alpha075_02.rmf for Source 1
 Using Auxiliary Response (ARF) File  ixpe02001899_det3_evt2_v01.mrf


!XSPEC12>setplot energy

!XSPEC12>ignore *:**-2.,8.01-**
    30 channels (1-30) ignored in spectrum #     1
    30 channels (1-30) ignored in spectrum #     2
    30 channels (1-30) ignored in spectrum #     3
    30 channels (1-30) ignored in spectrum #     4
    30 channels (1-30) ignored in spectrum #     5
    30 channels (1-30) ignored in spectrum #     6
    30 channels (1-30) ignored in spectrum #     7
    30 channels (1-30) ignored in spectrum #     8
    30 channels (1-30) ignored in spectrum #     9
   135 channels (61-195) ignored in spectrum #     1
   135 channels (61-195) ignored in spectrum #     2
   135 channels (61-195) ignored in spectrum #     3
   135 channels (61-195) ignored in spectrum #     4
   135 channels (61-195) ignored in spectrum #     5
   135 channels (61-195) ignored in spectrum #     6
   135 channels (61-195) ignored in spectrum #     7
   135 channels (61-195) ignored in spectrum #     8
   135 channels (61-195) ignored in spectrum #     9


!XSPEC12>model  polrot*constant*TBabs(atable{stokes_unpol-v2.fits} + atable{stokes_unpol-v2.fits})  ;          12.4917        0.1       -180       -180        180        180  ;                1       -0.1        0.9        0.9        1.1        1.1  ;          7.83595        0.1          0          0     100000      1e+06  ;              2.7       -0.1        1.4        1.4          3          3  ;           6759.4         10          5          5      20000      20000  ;        0.0871557      -0.01          0          0          1          1  ;              7.5         -1        7.5        7.5      352.5      352.5  ;         0.620576       0.01      0.025      0.025      0.975      0.975  ;                0     -0.001          0          0          5          5  ;      2.99829e-25       0.01          0          0      1e+20      1e+24  ;  = p4  ;               20         -1          5          5      20000      20000  ;  = p6  ;  = p7  ;  = p8  ;  = p9  ;      5.93209e-22       0.01          0          0      1e+20      1e+24  ;  = p1  ;          1.04396        0.1        0.9        0.9        1.1        1.1  ;  = p3  ;  = p4  ;  = p5  ;  = p6  ;  = p7  ;  = p8  ;  = p9  ;  = p10  ;  = p11  ;  = p12  ;  = p13  ;  = p14  ;  = p15  ;  = p16  ;  = p17  ;  = p1  ;          1.02802        0.1        0.9        0.9        1.1        1.1  ;  = p3  ;  = p4  ;  = p5  ;  = p6  ;  = p7  ;  = p8  ;  = p9  ;  = p10  ;  = p11  ;  = p12  ;  = p13  ;  = p14  ;  = p15  ;  = p16  ;  = p17

========================================================================
Model polrot<1>*constant<2>*TBabs<3>(atable{stokes_unpol-v2.fits}<4> + atable{stokes_unpol-v2.fits}<5>) Source No.: 1   Active/On
Model Model Component  Parameter  Unit     Value
 par  comp
                           Data group: 1
   2    2   constant   factor              1.00000      frozen
   3    3   TBabs      nH         10^22    7.83595      +/-  0.0          
   4    4   STOKES 2.32Gamma               2.70000      frozen
   5    4   STOKES 2.32Xi                  6759.40      +/-  0.0          
   6    4   STOKES 2.32Mui                 8.71557E-02  frozen
   7    4   STOKES 2.32Phi                 7.50000      frozen
   8    4   STOKES 2.32Mue                 0.620576     +/-  0.0          
   9    4   STOKES 2.32z                   0.0          frozen
  10    4   STOKES 2.32norm                2.99829E-25  +/-  0.0          
  11    5   STOKES 2.32Gamma               2.70000      = p4
  12    5   STOKES 2.32Xi                  20.0000      frozen
  13    5   STOKES 2.32Mui                 8.71557E-02  = p6
  14    5   STOKES 2.32Phi                 7.50000      = p7
  15    5   STOKES 2.32Mue                 0.620576     = p8
  16    5   STOKES 2.32z                   0.0          = p9
  17    5   STOKES 2.32norm                5.93209E-22  +/-  0.0          
                           Data group: 2
  19    2   constant   factor              1.04396      +/-  0.0          
  20    3   TBabs      nH         10^22    7.83595      = p3
  21    4   STOKES 2.32Gamma               2.70000      = p4
  22    4   STOKES 2.32Xi                  6759.40      = p5
  23    4   STOKES 2.32Mui                 8.71557E-02  = p6
  24    4   STOKES 2.32Phi                 7.50000      = p7
  25    4   STOKES 2.32Mue                 0.620576     = p8
  26    4   STOKES 2.32z                   0.0          = p9
  27    4   STOKES 2.32norm                2.99829E-25  = p10
  28    5   STOKES 2.32Gamma               2.70000      = p11
  29    5   STOKES 2.32Xi                  20.0000      = p12
  30    5   STOKES 2.32Mui                 8.71557E-02  = p13
  31    5   STOKES 2.32Phi                 7.50000      = p14
  32    5   STOKES 2.32Mue                 0.620576     = p15
  33    5   STOKES 2.32z                   0.0          = p16
  34    5   STOKES 2.32norm                5.93209E-22  = p17
                           Data group: 3
  36    2   constant   factor              1.02802      +/-  0.0          
  37    3   TBabs      nH         10^22    7.83595      = p3
  38    4   STOKES 2.32Gamma               2.70000      = p4
  39    4   STOKES 2.32Xi                  6759.40      = p5
  40    4   STOKES 2.32Mui                 8.71557E-02  = p6
  41    4   STOKES 2.32Phi                 7.50000      = p7
  42    4   STOKES 2.32Mue                 0.620576     = p8
  43    4   STOKES 2.32z                   0.0          = p9
  44    4   STOKES 2.32norm                2.99829E-25  = p10
  45    5   STOKES 2.32Gamma               2.70000      = p11
  46    5   STOKES 2.32Xi                  20.0000      = p12
  47    5   STOKES 2.32Mui                 8.71557E-02  = p13
  48    5   STOKES 2.32Phi                 7.50000      = p14
  49    5   STOKES 2.32Mue                 0.620576     = p15
  50    5   STOKES 2.32z                   0.0          = p16
  51    5   STOKES 2.32norm                5.93209E-22  = p17
------------------------------------------------------------------------
   1    1   polrot     Angle      deg      12.4917      +/-  0.0          
________________________________________________________________________


Fit statistic  : Chi-Squared                  470.42     using 30 bins, spectrum 1, group 1.
                 Chi-Squared                   38.52     using 30 bins, spectrum 2, group 1.
                 Chi-Squared                   28.45     using 30 bins, spectrum 3, group 1.
                 Chi-Squared                  384.48     using 30 bins, spectrum 4, group 2.
                 Chi-Squared                   43.56     using 30 bins, spectrum 5, group 2.
                 Chi-Squared                   34.55     using 30 bins, spectrum 6, group 2.
                 Chi-Squared                  361.93     using 30 bins, spectrum 7, group 3.
                 Chi-Squared                   25.78     using 30 bins, spectrum 8, group 3.
                 Chi-Squared                   30.39     using 30 bins, spectrum 9, group 3.
Total fit statistic                          1418.09     with 262 d.o.f.

Test statistic : Chi-Squared                 1418.09     using 270 bins.
 Null hypothesis probability of 8.52e-158 with 262 degrees of freedom
 Current data and model not fit yet.

***Warning: Magnitudes of parameters in model for data group 1
     have been found to differ by more than 1e+10.
     This can lead to significant roundoff errors during fit calculation.


!XSPEC12>setplot co time off

!XSPEC12>setplot command csize 2

!XSPEC12>setplot command lw 5

!XSPEC12>setplot command lw 5 on 1..99

!XSPEC12>setplot co label top "plot eufs for I, Q and U"

!XSPEC12>setplot command log off

!XSPEC12>setplot command r y -0.08 0.42

!XSPEC12>cpd eufs-model.eps/cps

!XSPEC12>pl eufs

!XSPEC12>plot eufs
***Warning: Fit is not current.

!XSPEC12>cpd /null

!XSPEC12>setplot co label top "plot polfrac"

!XSPEC12>setplot command r y 0. 0.3

!XSPEC12>cpd polfrac-model.eps/cps

!XSPEC12>pl polfrac

!XSPEC12>plot polfrac
***Warning: Fit is not current.

!XSPEC12>cpd /null

!XSPEC12>setplot co label top "plot polangle"

!XSPEC12>setplot command r y -120. -60.

!XSPEC12>cpd polang-model.eps/cps

!XSPEC12>pl polangle

!XSPEC12>plot polangle
***Warning: Fit is not current.

!XSPEC12>cpd /null

!XSPEC12>exit
 XSPEC: quit

!XSPEC12>tclexit
tbvabs Version 2.3
Cosmic absorption with grains and H2, modified from
Wilms, Allen, & McCray, 2000, ApJ 542, 914-924
Questions: Joern Wilms
joern.wilms@sternwarte.uni-erlangen.de
joern.wilms@fau.de

http://pulsar.sternwarte.uni-erlangen.de/wilms/research/tbabs/

PLEASE NOTICE:
To get the model described by the above paper
you will also have to set the abundances:
   abund wilm

Note that this routine ignores the current cross section setting
as it always HAS to use the Verner cross sections as a baseline.
